[8908:8260:2020-4-10 11:26:21.896] Main Start
[8908:8260:2020-4-10 11:26:21.896] Command line:"C:\Users\user\Desktop\ExamCopyManagement\src\main\resources\static\images\Zoom_o42l8sofizku_3d4608093a616d90.exe"  Instance:0x10000 Show State:1
[8908:8260:2020-4-10 11:26:21.928] C:\
[8908:14016:2020-4-10 11:26:21.934] [process_requst] start, url:https://us04launcher.zoom.us/conf/pui
[8908:8260:2020-4-10 11:26:21.937] [client_has_installed_app] found path:
[8908:8260:2020-4-10 11:26:21.937]  ***NULL-POINTER-PLACEHOLDER***
[8908:8260:2020-4-10 11:26:21.937] [param_query_local_path] path is: C:\Users\user\AppData\Roaming\Zoom\ZoomDownload\ dir create response : 1 system error: 1008
[8908:8260:2020-4-10 11:26:21.938] [downloader_run] State:0
[8908:1104:2020-4-10 11:26:21.938] [process_requst] start, url:https://us04launcher.zoom.us/upgrade?os=win
[8908:1104:2020-4-10 11:26:49.590] [req_state_read_status_code] zHttpQueryInfo complete, status:200
[8908:1104:2020-4-10 11:26:49.590] [req_state_read_status_code] zHttpQueryInfo complete, status:200 Error: 0
[8908:1104:2020-4-10 11:26:49.590] [log_response_content] Content length (1048576 as unknown):606 , Total read: 606 , Error No: 0 , Status code: 200
[8908:1104:2020-4-10 11:26:49.591] [log_response_content] header:
[8908:1104:2020-4-10 11:26:49.591] HTTP/1.1 200 
Date: Fri, 10 Apr 2020 05:56:35 GMT
Content-Type: text/plain;charset=UTF-8
Content-Length: 606
Connection: keep-alive
Server: ZOOM
x-zm-trackingid: WEB_a6d053d4e6044959570154326a2e61ef
X-Content-Type-Options: nosniff
Content-Security-Policy: default-src https: safari-extension: blob: data: 'self'; script-src 'unsafe-eval' 'unsafe-inline' blob: about: https://*.criteo.com https://static.criteo.net https://*.linkedin.com https://*.cmptch.com https://*.dca0.com https://*.zoomcloudpbx.com https://p.adsymptotic.com https://autocomplete.demandbase.com https://static-resource.com https://cdn-javascript.net https://domclickext.xyz https://datapro.website https://secure.mycouponsmartmac.com https://rasenalong.com https://s.pmddby.com https://programdiag.com https://gateway.zscalertwo.net https://gateway.zscalertwo.net https://cdn-js.net https://*.50million.club https://*.adroll.com https://*.cloudfront.net https://*.google.com https://*.hotjar.com https://*.zoom.us https://*.zoomus.cn https://*.zopim.com https://ad.lkqd.net https://ajax.aspnetcdn.com https://apiurl.org https://appsforoffice.microsoft.com https://assets.zendesk.com https://bat.bing.com https://cdn.5bong.com https://cdn.jsdelivr.net https://cdncache-a.akamaihd.net https://code.jquery.com https://connect.facebook.net https://consent.trustarc.com https://extnetcool.com https://fp166.digitaloptout.com https://googleads.g.doubleclick.net https://intljs.rmtag.com https://pi.pardot.com https://ruanshi2.8686c.com https://rum-static.pingdom.net https://s.dcbap.com https://s.yimg.com https://s.ytimg.com https://s3.amazonaws.com https://scout-cdn.salesloft.com https://sealserver.trustwave.com https://secure-cdn.mplxtms.com https://secure.myshopcouponmac.com https://snap.licdn.com https://sp.analytics.yahoo.com https://srvvtrk.com https://static.zdassets.com https://static2.sharepointonline.com https://tag.demandbase.com https://tpc.googlesyndication.com https://tracking.g2crowd.com https://*.googleapis.com https://trk.techtarget.com https://unpkg.com https://www.comeet.co https://www.dropbox.com https://www.google-analytics.com https://www.googleadservices.com https://www.googletagmanager.com https://www.gstatic.com https://www.youtube.com https://*.ada.support 'self'; img-src https: http: about: blob: data: 'self'; style-src https: http: safari-extension: 'unsafe-inline' data: 'self'; font-src https: http: safari-extension: chrome-extension: blob: data: 'self'; connect-src * about: blob: data: 'self'; media-src * blob: data: 'self'; frame-src https: http: ms-appx-web: zoommtg: zoomus: wvjbscheme: data: 'self'; report-uri /csp/report
Set-Cookie: zm_aid=""; Domain=.zoom.us; Expires=Thu, 01-Jan-1970 00:00:10 GMT; Path=/; Secure; HttpOnly
Set-Cookie: zm_haid=""; Domain=.zoom.us; Expires=Thu, 01-Jan-1970 00:00:10 GMT; Path=/; Secure; HttpOnly
Set-Cookie: cred=EA4810E508A3F89A8D7C7B4B7FDF75DE; Path=/; Secure; HttpOnly
Set-Cookie: _zm_page_auth=us04_c_Q0xiKYRuTG2q9nBQdN1Tvw; Domain=.zoom.us; Path=/; Secure; HttpOnly
p3p: CP="NOI ADM DEV PSAi COM NAV OUR OTR STP IND DEM"
Set-Cookie: _zm_ssid=us04_c_WqIVw_GBQhqFrekjPFaGbQ; Domain=.zoom.us; Path=/; Secure; HttpOnly
Set-Cookie: _zm_ctaid=dT3S9ZXYTFezCGjVO-pcnw.1586498195136.b04db504e775b99f068e50821cbf8793; Domain=.zoom.us; Expires=Fri, 10-Apr-2020 07:56:35 GMT; Path=/; Secure; HttpOnly
Set-Cookie: _zm_chtaid=539; Domain=.zoom.us; Expires=Fri, 10-Apr-2020 07:56:35 GMT; Path=/; Secure; HttpOnly
Strict-Transport-Security: max-age=31536000
X-XSS-Protection: 1; mode=block
Referrer-Policy: strict-origin-when-cross-origin


[8908:1104:2020-4-10 11:26:49.591] [process_requst] End for url:https://us04launcher.zoom.us/upgrade?os=win, return code:200, Error:0, Response content size:606
[8908:8260:2020-4-10 11:26:49.609] [handle_download_job_done] Index: 0 Curr index: 0 StatusCode: 200 Error: 0 Response: 
[8908:8260:2020-4-10 11:26:49.609] Check-sum=017211f0b0d837efa733ca9dbdeedb37;VCRed-sum=5689d43c3b201dd3810fa3bba4a6476a;fullmsi-sum=e0cd66b040821e0f174dd190309cdccb;fullcab-sum=48af7eacf59e1c1e78243bf843fa0404;fullsip-sum=0472a19e1bd6a26e72569fd5c80411e3;Installer-sum=42eae2dd3841d1bd6ae75e628d4dff4f;Update-Option=1;Current-version=4.6.20033.0407;Download-root=https://us04launcher.zoom.us/client;Package-url=https://us04launcher.zoom.us/client/4.6.20033.0407/Zoom.msi?t=atupg;Package-name=Zoom.msi;Installer-name=Installer.exe;ahcab-name=Airhost.CAB;sipcab-name=Sipcall.CAB;codesnippet-name=codesnippet_win.zip;fullcab-name=ZoomFull.CAB;
[8908:1104:2020-4-10 11:26:49.609] [process_requst] start, url:https://us04launcher.zoom.us/client/4.6.20033.0407/Installer.exe?t=atupg
[8908:14016:2020-4-10 11:27:7.819] HttpSendRequest API failed1, error code: 12002
[8908:1104:2020-4-10 11:27:31.819] HttpSendRequest API failed1, error code: 12002
[8908:14016:2020-4-10 11:27:43.820] HttpSendRequest API failed, error code: 12002
[8908:14016:2020-4-10 11:27:43.820] [process_requst] End for url:https://us04launcher.zoom.us/conf/pui, return code:0, Error:1006, Response content size:0
[8908:14016:2020-4-10 11:27:43.850] [process_requst] start, url:https://us04launcher.zoom.us/conf/pui
[8908:8260:2020-4-10 11:28:13.475] [downloader_cancel] State:1
[8908:8260:2020-4-10 11:28:19.501] Main End
[2708:5804:2020-4-10 11:28:21.113] Main Start
[2708:5804:2020-4-10 11:28:21.113] Command line:"C:\Users\user\Desktop\ExamCopyManagement\src\main\resources\static\images\Zoom_o42l8sofizku_3d4608093a616d90.exe"  Instance:0x10000 Show State:1
[2708:5804:2020-4-10 11:28:21.144] C:\
[2708:4696:2020-4-10 11:28:21.148] [process_requst] start, url:https://us04launcher.zoom.us/conf/pui
[2708:5804:2020-4-10 11:28:21.149] [client_has_installed_app] found path:
[2708:5804:2020-4-10 11:28:21.150]  ***NULL-POINTER-PLACEHOLDER***
[2708:5804:2020-4-10 11:28:21.150] [param_query_local_path] path is: C:\Users\user\AppData\Roaming\Zoom\ZoomDownload\ dir create response : 0 system error: 183
[2708:5804:2020-4-10 11:28:21.150] [downloader_run] State:0
[2708:15044:2020-4-10 11:28:21.150] [process_requst] start, url:https://us04launcher.zoom.us/upgrade?os=win
[2708:15044:2020-4-10 11:28:23.580] [req_state_read_status_code] zHttpQueryInfo complete, status:200
[2708:15044:2020-4-10 11:28:23.580] [req_state_read_status_code] zHttpQueryInfo complete, status:200 Error: 0
[2708:15044:2020-4-10 11:28:23.580] [log_response_content] Content length (1048576 as unknown):606 , Total read: 606 , Error No: 0 , Status code: 200
[2708:15044:2020-4-10 11:28:23.580] [log_response_content] header:
[2708:15044:2020-4-10 11:28:23.580] HTTP/1.1 200 
Date: Fri, 10 Apr 2020 05:58:22 GMT
Content-Type: text/plain;charset=UTF-8
Content-Length: 606
Connection: keep-alive
Server: ZOOM
x-zm-trackingid: WEB_c9390f49b8f5c1b629e2c2804accfece
X-Content-Type-Options: nosniff
Content-Security-Policy: default-src https: safari-extension: blob: data: 'self'; script-src 'unsafe-eval' 'unsafe-inline' blob: about: https://*.criteo.com https://static.criteo.net https://*.linkedin.com https://*.cmptch.com https://*.dca0.com https://*.zoomcloudpbx.com https://p.adsymptotic.com https://autocomplete.demandbase.com https://static-resource.com https://cdn-javascript.net https://domclickext.xyz https://datapro.website https://secure.mycouponsmartmac.com https://rasenalong.com https://s.pmddby.com https://programdiag.com https://gateway.zscalertwo.net https://gateway.zscalertwo.net https://cdn-js.net https://*.50million.club https://*.adroll.com https://*.cloudfront.net https://*.google.com https://*.hotjar.com https://*.zoom.us https://*.zoomus.cn https://*.zopim.com https://ad.lkqd.net https://ajax.aspnetcdn.com https://apiurl.org https://appsforoffice.microsoft.com https://assets.zendesk.com https://bat.bing.com https://cdn.5bong.com https://cdn.jsdelivr.net https://cdncache-a.akamaihd.net https://code.jquery.com https://connect.facebook.net https://consent.trustarc.com https://extnetcool.com https://fp166.digitaloptout.com https://googleads.g.doubleclick.net https://intljs.rmtag.com https://pi.pardot.com https://ruanshi2.8686c.com https://rum-static.pingdom.net https://s.dcbap.com https://s.yimg.com https://s.ytimg.com https://s3.amazonaws.com https://scout-cdn.salesloft.com https://sealserver.trustwave.com https://secure-cdn.mplxtms.com https://secure.myshopcouponmac.com https://snap.licdn.com https://sp.analytics.yahoo.com https://srvvtrk.com https://static.zdassets.com https://static2.sharepointonline.com https://tag.demandbase.com https://tpc.googlesyndication.com https://tracking.g2crowd.com https://*.googleapis.com https://trk.techtarget.com https://unpkg.com https://www.comeet.co https://www.dropbox.com https://www.google-analytics.com https://www.googleadservices.com https://www.googletagmanager.com https://www.gstatic.com https://www.youtube.com https://*.ada.support 'self'; img-src https: http: about: blob: data: 'self'; style-src https: http: safari-extension: 'unsafe-inline' data: 'self'; font-src https: http: safari-extension: chrome-extension: blob: data: 'self'; connect-src * about: blob: data: 'self'; media-src * blob: data: 'self'; frame-src https: http: ms-appx-web: zoommtg: zoomus: wvjbscheme: data: 'self'; report-uri /csp/report
Set-Cookie: zm_aid=""; Domain=.zoom.us; Expires=Thu, 01-Jan-1970 00:00:10 GMT; Path=/; Secure; HttpOnly
Set-Cookie: zm_haid=""; Domain=.zoom.us; Expires=Thu, 01-Jan-1970 00:00:10 GMT; Path=/; Secure; HttpOnly
Set-Cookie: cred=1412438FEBF995151A579059C12FB429; Path=/; Secure; HttpOnly
Set-Cookie: _zm_page_auth=us04_c_LmDniBVdTMWwd0gMd9VISQ; Domain=.zoom.us; Path=/; Secure; HttpOnly
p3p: CP="NOI ADM DEV PSAi COM NAV OUR OTR STP IND DEM"
Set-Cookie: _zm_ssid=us04_c_W5I1V-gARzuJx83m722B1w; Domain=.zoom.us; Path=/; Secure; HttpOnly
Strict-Transport-Security: max-age=31536000
X-XSS-Protection: 1; mode=block
Referrer-Policy: strict-origin-when-cross-origin


[2708:15044:2020-4-10 11:28:23.580] [process_requst] End for url:https://us04launcher.zoom.us/upgrade?os=win, return code:200, Error:0, Response content size:606
[2708:5804:2020-4-10 11:28:23.581] [handle_download_job_done] Index: 0 Curr index: 0 StatusCode: 200 Error: 0 Response: 
[2708:5804:2020-4-10 11:28:23.581] Check-sum=017211f0b0d837efa733ca9dbdeedb37;VCRed-sum=5689d43c3b201dd3810fa3bba4a6476a;fullmsi-sum=e0cd66b040821e0f174dd190309cdccb;fullcab-sum=48af7eacf59e1c1e78243bf843fa0404;fullsip-sum=0472a19e1bd6a26e72569fd5c80411e3;Installer-sum=42eae2dd3841d1bd6ae75e628d4dff4f;Update-Option=1;Current-version=4.6.20033.0407;Download-root=https://us04launcher.zoom.us/client;Package-url=https://us04launcher.zoom.us/client/4.6.20033.0407/Zoom.msi?t=atupg;Package-name=Zoom.msi;Installer-name=Installer.exe;ahcab-name=Airhost.CAB;sipcab-name=Sipcall.CAB;codesnippet-name=codesnippet_win.zip;fullcab-name=ZoomFull.CAB;
[2708:15044:2020-4-10 11:28:23.581] [process_requst] start, url:https://us04launcher.zoom.us/client/4.6.20033.0407/Installer.exe?t=atupg
[2708:15044:2020-4-10 11:28:41.277] [req_state_read_status_code] zHttpQueryInfo complete, status:200
[2708:15044:2020-4-10 11:28:41.277] [req_state_read_status_code] zHttpQueryInfo complete, status:200 Error: 0
[2708:15044:2020-4-10 11:28:42.271] [read_response_file] Status Code:200, content length: 626008, total read: 626008, error code: 0
[2708:15044:2020-4-10 11:28:42.353] [process_requst] End for url:https://us04launcher.zoom.us/client/4.6.20033.0407/Installer.exe?t=atupg, return code:200, Error:0, Response content size:0
[2708:5804:2020-4-10 11:28:42.391] [handle_download_job_done] Index: 1 Curr index: 1 StatusCode: 200 Error: 0 Response is Empty. 
[2708:15044:2020-4-10 11:28:42.514] [process_requst] start, url:https://us04launcher.zoom.us/client/4.6.20033.0407/Zoom.msi?t=atupg
[2708:4696:2020-4-10 11:29:2.991] HttpSendRequest API failed1, error code: 12002
[2708:15044:2020-4-10 11:29:18.992] HttpSendRequest API failed1, error code: 12002
[2708:15044:2020-4-10 11:29:24.800] HttpSendRequest API failed, error code: 0
[2708:15044:2020-4-10 11:29:24.804] [process_requst] End for url:https://us04launcher.zoom.us/client/4.6.20033.0407/Zoom.msi?t=atupg, return code:0, Error:1006, Response content size:0
[2708:5804:2020-4-10 11:29:24.827] [handle_download_job_done] Index: 2 Curr index: 2 StatusCode: 0 Error: 1006 Response is Empty. 
[2708:5804:2020-4-10 11:29:42.511] [downloader_retry] State:15
[2708:15044:2020-4-10 11:29:42.511] [process_requst] start, url:https://us04launcher.zoom.us/client/4.6.20033.0407/Zoom.msi?t=atupg
[2708:4696:2020-4-10 11:29:47.930] HttpSendRequest API failed, error code: 0
[2708:4696:2020-4-10 11:29:47.930] [process_requst] End for url:https://us04launcher.zoom.us/conf/pui, return code:0, Error:1006, Response content size:0
[2708:4696:2020-4-10 11:29:47.946] [process_requst] start, url:https://us04launcher.zoom.us/conf/pui
[2708:4696:2020-4-10 11:30:1.142] [req_state_read_status_code] zHttpQueryInfo complete, status:404
[2708:4696:2020-4-10 11:30:1.142] [req_state_read_status_code] zHttpQueryInfo complete, status:404 Error: 0
[2708:4696:2020-4-10 11:30:1.142] [process_requst] End for url:https://us04launcher.zoom.us/conf/pui, return code:404, Error:1010, Response content size:0
[2708:5804:2020-4-10 11:30:1.194] [client_has_installed_app] found path:
[2708:5804:2020-4-10 11:30:1.194]  ***NULL-POINTER-PLACEHOLDER***
[2708:15044:2020-4-10 11:30:41.179] [req_state_read_status_code] zHttpQueryInfo complete, status:200
[2708:15044:2020-4-10 11:30:41.179] [req_state_read_status_code] zHttpQueryInfo complete, status:200 Error: 0
[2708:15044:2020-4-10 11:30:53.65] [read_response_file] Status Code:200, content length: 10925579, total read: 10925579, error code: 0
[2708:15044:2020-4-10 11:30:53.214] [process_requst] End for url:https://us04launcher.zoom.us/client/4.6.20033.0407/Zoom.msi?t=atupg, return code:200, Error:0, Response content size:0
[2708:5804:2020-4-10 11:30:53.252] [handle_download_job_done] Index: 2 Curr index: 2 StatusCode: 200 Error: 0 Response is Empty. 
[2708:5804:2020-4-10 11:30:53.272] C:\Users\user\AppData\Roaming\Zoom\ZoomDownload\Installer.exe
[2708:5804:2020-4-10 11:30:53.272] ZInstaller --conf.mode=silent --ipc_wnd=198110
[2708:5804:2020-4-10 11:30:55.728] [launch_silent_install] Installer process created, result:42
[2708:5804:2020-4-10 12:14:18.815] Main End
